Release 10.1.03 Map K.39 (nt)
Xilinx Mapping Report File for Design 'TETRIS_GAME_MODULE'

Design Information
------------------
Command Line   : map -ise Z:/Lab09/Lab09.ise -intstyle ise -p xc3s500e-fg320-4
-cm area -pr off -k 4 -c 100 -o TETRIS_GAME_MODULE_map.ncd
TETRIS_GAME_MODULE.ngd TETRIS_GAME_MODULE.pcf 
Target Device  : xc3s500e
Target Package : fg320
Target Speed   : -4
Mapper Version : spartan3e -- $Revision: 1.46.12.2 $
Mapped Date    : Fri Jun 08 23:00:30 2012

Design Summary
--------------
Number of errors:      0
Number of warnings:    1
Logic Utilization:
  Number of Slice Flip Flops:            61 out of   9,312    1%
  Number of 4 input LUTs:               346 out of   9,312    3%
Logic Distribution:
  Number of occupied Slices:            192 out of   4,656    4%
    Number of Slices containing only related logic:     192 out of     192 100%
    Number of Slices containing unrelated logic:          0 out of     192   0%
      *See NOTES below for an explanation of the effects of unrelated logic.
  Total Number of 4 input LUTs:         368 out of   9,312    3%
    Number used as logic:               346
    Number used as a route-thru:         22
  Number of bonded IOBs:                 11 out of     232    4%
  Number of RAMB16s:                      1 out of      20    5%
  Number of BUFGMUXs:                     1 out of      24    4%

Peak Memory Usage:  146 MB
Total REAL time to MAP completion:  9 secs 
Total CPU time to MAP completion:   2 secs 

NOTES:

   Related logic is defined as being logic that shares connectivity - e.g. two
   LUTs are "related" if they share common inputs.  When assembling slices,
   Map gives priority to combine logic that is related.  Doing so results in
   the best timing performance.

   Unrelated logic shares no connectivity.  Map will only begin packing
   unrelated logic into a slice once 99% of the slices are occupied through
   related logic packing.

   Note that once logic distribution reaches the 99% level through related
   logic packing, this does not mean the device is completely utilized.
   Unrelated logic packing will then begin, continuing until all usable LUTs
   and FFs are occupied.  Depending on your timing budget, increased levels of
   unrelated logic packing may adversely affect the overall timing performance
   of your design.

Table of Contents
-----------------
Section 1 - Errors
Section 2 - Warnings
Section 3 - Informational
Section 4 - Removed Logic Summary
Section 5 - Removed Logic
Section 6 - IOB Properties
Section 7 - RPMs
Section 8 - Guide Report
Section 9 - Area Group and Partition Summary
Section 10 - Modular Design Summary
Section 11 - Timing Report
Section 12 - Configuration String Information
Section 13 - Control Set Information
Section 14 - Utilization by Hierarchy

Section 1 - Errors
------------------

Section 2 - Warnings
--------------------
WARNING:LIT:243 - Logical network iBTN<0> has no load.

Section 3 - Informational
-------------------------
INFO:MapLib:562 - No environment variables are currently set.

Section 4 - Removed Logic Summary
---------------------------------
   2 block(s) optimized away

Section 5 - Removed Logic
-------------------------

Optimized Block(s):
TYPE 		BLOCK
GND 		XST_GND
VCC 		XST_VCC

To enable printing of redundant blocks removed and signals merged, set the
detailed map report option and rerun map.

Section 6 - IOB Properties
--------------------------

+-------------------------------------------------------------------------------------------------------------------------------------------------+
| IOB Name                           | Type             | Direction | IO Standard          | Drive    | Slew | Reg (s)      | Resistor | IOB      |
|                                    |                  |           |                      | Strength | Rate |              |          | Delay    |
+-------------------------------------------------------------------------------------------------------------------------------------------------+
| iBTN<1>                            | IBUF             | INPUT     | LVTTL                |          |      |              | PULLDOWN | 0 / 0    |
| iBTN<2>                            | IBUF             | INPUT     | LVTTL                |          |      |              | PULLDOWN | 0 / 0    |
| iBTN<3>                            | IBUF             | INPUT     | LVTTL                |          |      |              | PULLDOWN | 0 / 0    |
| iCLK_50                            | IBUF             | INPUT     | LVCMOS33             |          |      |              |          | 0 / 0    |
| oHS                                | IOB              | OUTPUT    | LVTTL                | 8        | FAST |              |          | 0 / 0    |
| oVGA_B                             | IOB              | OUTPUT    | LVTTL                | 8        | FAST |              |          | 0 / 0    |
| oVGA_G                             | IOB              | OUTPUT    | LVTTL                | 8        | FAST |              |          | 0 / 0    |
| oVGA_R                             | IOB              | OUTPUT    | LVTTL                | 8        | FAST |              |          | 0 / 0    |
| oVS                                | IOB              | OUTPUT    | LVTTL                | 8        | FAST |              |          | 0 / 0    |
| reset                              | IBUF             | INPUT     | LVTTL                |          |      |              | PULLDOWN | 0 / 0    |
| start                              | IBUF             | INPUT     | LVTTL                |          |      |              | PULLDOWN | 0 / 0    |
+-------------------------------------------------------------------------------------------------------------------------------------------------+

Section 7 - RPMs
----------------

Section 8 - Guide Report
------------------------
Guide not run on this design.

Section 9 - Area Group and Partition Summary
--------------------------------------------

Partition Implementation Status
-------------------------------

  No Partitions were found in this design.

-------------------------------

Area Group Information
----------------------

  No area groups were found in this design.

----------------------

Section 10 - Modular Design Summary
-----------------------------------
Modular Design not used for this design.

Section 11 - Timing Report
--------------------------
This design was not run using timing mode.

Section 12 - Configuration String Details
-----------------------------------------
Use the "-detail" map option to print out Configuration Strings

Section 13 - Control Set Information
------------------------------------
No control set information for this architecture.

Section 14 - Utilization by Hierarchy
-------------------------------------
+---------------------------------------------------------------------------------------------------------------------------------------------------------------------------------+
| Module             | Partition | Slices        | Slice Reg     | LUTs          | LUTRAM        | BRAM      | MULT18X18 | BUFG  | DCM   | Full Hierarchical Name                 |
+---------------------------------------------------------------------------------------------------------------------------------------------------------------------------------+
| TETRIS_GAME_MODULE |           | 35/228        | 2/61          | 27/368        | 0/0           | 0/1       | 0/0       | 1/1   | 0/0   | TETRIS_GAME_MODULE                     |
| +game_unit         |           | 151/151       | 36/36         | 282/282       | 0/0           | 0/0       | 0/0       | 0/0   | 0/0   | TETRIS_GAME_MODULE/game_unit           |
| +text_unit         |           | 12/12         | 0/0           | 22/22         | 0/0           | 0/1       | 0/0       | 0/0   | 0/0   | TETRIS_GAME_MODULE/text_unit           |
| ++font_unit        |           | 0/0           | 0/0           | 0/0           | 0/0           | 1/1       | 0/0       | 0/0   | 0/0   | TETRIS_GAME_MODULE/text_unit/font_unit |
| +vsync_unit        |           | 30/30         | 23/23         | 37/37         | 0/0           | 0/0       | 0/0       | 0/0   | 0/0   | TETRIS_GAME_MODULE/vsync_unit          |
+---------------------------------------------------------------------------------------------------------------------------------------------------------------------------------+

* Slices can be packed with basic elements from multiple hierarchies.
  Therefore, a slice will be counted in every hierarchical module
  that each of its packed basic elements belong to.
** For each column, there are two numbers reported <A>/<B>.
   <A> is the number of elements that belong to that specific hierarchical module.
   <B> is the total number of elements from that hierarchical module and any lower level
   hierarchical modules below.
*** The LUTRAM column counts all LUTs used as memory including RAM, ROM, and shift registers.
