--------------------------------------------------------------------------------
Release 10.1.03 Trace  (nt)
Copyright (c) 1995-2008 Xilinx, Inc.  All rights reserved.

C:\Xilinx\10.1\ISE\bin\nt\unwrapped\trce.exe -ise Z:/Lab8/Lab8.ise -intstyle
ise -v 3 -s 4 -xml PING_PONG_GAME PING_PONG_GAME.ncd -o PING_PONG_GAME.twr
PING_PONG_GAME.pcf -ucf PING_PONG_GAME.ucf

Design file:              PING_PONG_GAME.ncd
Physical constraint file: PING_PONG_GAME.pcf
Device,package,speed:     xc3s500e,fg320,-4 (PRODUCTION 1.27 2008-01-09)
Report level:             verbose report

Environment Variable      Effect 
--------------------      ------ 
NONE                      No environment variables were set
--------------------------------------------------------------------------------

INFO:Timing:2698 - No timing constraints found, doing default enumeration.
INFO:Timing:2752 - To get complete path coverage, use the unconstrained paths 
   option. All paths that are not constrained will be reported in the 
   unconstrained paths section(s) of the report.
INFO:Timing:3339 - The clock-to-out numbers in this timing report are based on 
   a 50 Ohm transmission line loading model.  For the details of this model, 
   and for more information on accounting for different loading conditions, 
   please see the device datasheet.



Data Sheet report:
-----------------
All values displayed in nanoseconds (ns)

Setup/Hold to clock iCLK_50
------------+------------+------------+------------------+--------+
            |  Setup to  |  Hold to   |                  | Clock  |
Source      | clk (edge) | clk (edge) |Internal Clock(s) | Phase  |
------------+------------+------------+------------------+--------+
iBTN<0>     |    6.373(R)|   -1.811(R)|iCLK_50_BUFGP     |   0.000|
iBTN<1>     |    5.058(R)|   -1.339(R)|iCLK_50_BUFGP     |   0.000|
reset       |    7.180(R)|   -0.487(R)|iCLK_50_BUFGP     |   0.000|
------------+------------+------------+------------------+--------+

Clock iCLK_50 to Pad
------------+------------+------------------+--------+
            | clk (edge) |                  | Clock  |
Destination |   to PAD   |Internal Clock(s) | Phase  |
------------+------------+------------------+--------+
oHS         |   10.055(R)|iCLK_50_BUFGP     |   0.000|
oVGA_B      |   10.186(R)|iCLK_50_BUFGP     |   0.000|
oVGA_G      |    9.662(R)|iCLK_50_BUFGP     |   0.000|
oVGA_R      |    9.884(R)|iCLK_50_BUFGP     |   0.000|
oVS         |    9.904(R)|iCLK_50_BUFGP     |   0.000|
------------+------------+------------------+--------+

Clock to Setup on destination clock iCLK_50
---------------+---------+---------+---------+---------+
               | Src:Rise| Src:Fall| Src:Rise| Src:Fall|
Source Clock   |Dest:Rise|Dest:Rise|Dest:Fall|Dest:Fall|
---------------+---------+---------+---------+---------+
iCLK_50        |    9.968|         |         |         |
---------------+---------+---------+---------+---------+


Analysis completed Tue May 29 19:44:49 2012 
--------------------------------------------------------------------------------

Trace Settings:
-------------------------
Trace Settings 

Peak Memory Usage: 100 MB



